TN:
SF:src\api\db.ts
FN:25,dbInit
FN:29,dbMigrate
FN:33,healthPing
FNF:3
FNH:3
FNDA:1,dbInit
FNDA:1,dbMigrate
FNDA:1,healthPing
DA:26,1
DA:30,1
DA:34,1
LF:3
LH:3
BRF:0
BRH:0
end_of_record
TN:
SF:src\api\invoke.ts
FN:10,truncateErr
FN:17,setIpcContext
FN:26,invoke
FNF:3
FNH:3
FNDA:1,truncateErr
FNDA:44,setIpcContext
FNDA:44,invoke
DA:8,6
DA:11,1
DA:12,0
DA:14,1
DA:18,44
DA:19,44
DA:30,44
DA:31,44
DA:32,44
DA:33,44
DA:34,44
DA:35,44
DA:37,44
DA:38,42
DA:39,32
DA:43,10
DA:46,44
DA:48,44
DA:51,32
DA:52,32
DA:53,32
DA:54,42
DA:56,43
DA:57,1
DA:61,43
DA:63,1
DA:64,1
DA:65,1
DA:66,1
DA:67,1
LF:30
LH:29
BRDA:11,0,0,0
BRDA:11,0,1,1
BRDA:37,1,0,42
BRDA:37,1,1,2
BRDA:38,2,0,32
BRDA:38,2,1,10
BRDA:48,3,0,12
BRDA:48,3,1,32
BRDA:53,4,0,42
BRDA:53,4,1,-10
BRDA:56,5,0,1
BRDA:56,5,1,42
BRDA:64,6,0,1
BRDA:64,6,1,0
BRF:14
BRH:11
end_of_record
TN:
SF:src\api\tauri.ts
FN:6,dbBackupVacuum
FN:10,dbRestoreValidate
FN:17,dbRestoreApply
FN:32,importQuickbooksFile
FN:50,globalSearch
FN:57,accountList
FN:61,accountGet
FN:65,accountCreate
FN:69,accountUpdate
FN:73,accountDeactivate
FN:78,companyGet
FN:82,companyUpdate
FN:87,listCustomers
FN:91,listVendors
FN:95,listInvoices
FN:99,listBills
FN:103,listJournals
FN:107,getInvoice
FN:113,getBill
FN:120,customerCreate
FN:124,vendorCreate
FN:128,invoiceCreate
FN:132,billCreate
FN:136,customerPaymentCreate
FN:140,customerPaymentDeleteUnposted
FN:144,vendorPaymentCreate
FN:148,vendorPaymentDeleteUnposted
FN:152,vendorPaymentMarkPrinted
FN:156,listVendorPayments
FN:160,getVendorPayment
FN:165,invoicePost
FN:169,billPost
FN:173,customerPaymentPost
FN:177,vendorPaymentPost
FN:181,invoiceSetStatus
FN:185,billSetStatus
FN:190,reportTrialBalance
FN:194,reportGeneralLedger
FN:206,reportArOpen
FN:210,reportApOpen
FN:214,reportProfitLoss
FN:218,reportBalanceSheet
FN:234,logsRead
FN:244,logsExportSupportBundle
FNF:44
FNH:38
FNDA:1,dbBackupVacuum
FNDA:1,dbRestoreValidate
FNDA:1,dbRestoreApply
FNDA:1,importQuickbooksFile
FNDA:1,globalSearch
FNDA:1,accountList
FNDA:1,accountGet
FNDA:1,accountCreate
FNDA:1,accountUpdate
FNDA:1,accountDeactivate
FNDA:1,companyGet
FNDA:1,companyUpdate
FNDA:1,listCustomers
FNDA:1,listVendors
FNDA:1,listInvoices
FNDA:1,listBills
FNDA:1,listJournals
FNDA:1,getInvoice
FNDA:1,getBill
FNDA:1,customerCreate
FNDA:1,vendorCreate
FNDA:1,invoiceCreate
FNDA:1,billCreate
FNDA:1,customerPaymentCreate
FNDA:0,customerPaymentDeleteUnposted
FNDA:1,vendorPaymentCreate
FNDA:0,vendorPaymentDeleteUnposted
FNDA:0,vendorPaymentMarkPrinted
FNDA:0,listVendorPayments
FNDA:0,getVendorPayment
FNDA:1,invoicePost
FNDA:1,billPost
FNDA:1,customerPaymentPost
FNDA:1,vendorPaymentPost
FNDA:1,invoiceSetStatus
FNDA:1,billSetStatus
FNDA:1,reportTrialBalance
FNDA:1,reportGeneralLedger
FNDA:1,reportArOpen
FNDA:1,reportApOpen
FNDA:1,reportProfitLoss
FNDA:1,reportBalanceSheet
FNDA:1,logsRead
FNDA:0,logsExportSupportBundle
DA:7,1
DA:11,1
DA:18,1
DA:33,1
DA:51,1
DA:58,1
DA:62,1
DA:66,1
DA:70,1
DA:74,1
DA:79,1
DA:83,1
DA:88,1
DA:92,1
DA:96,1
DA:100,1
DA:104,1
DA:108,1
DA:114,1
DA:121,1
DA:125,1
DA:129,1
DA:133,1
DA:137,1
DA:141,0
DA:145,1
DA:149,0
DA:153,0
DA:157,0
DA:161,0
DA:166,1
DA:170,1
DA:174,1
DA:178,1
DA:182,1
DA:186,1
DA:191,1
DA:199,1
DA:207,1
DA:211,1
DA:215,1
DA:219,1
DA:235,1
DA:249,0
LF:44
LH:38
BRDA:57,0,0,1
BRF:1
BRH:1
end_of_record
TN:
SF:src\components\ErrorBoundary.tsx
FN:15,(anonymous_0)
FN:19,(anonymous_1)
FN:23,(anonymous_2)
FN:28,(anonymous_3)
FNF:4
FNH:4
FNDA:2,(anonymous_0)
FNDA:1,(anonymous_1)
FNDA:2,(anonymous_2)
FNDA:4,(anonymous_3)
DA:13,2
DA:16,2
DA:21,1
DA:23,2
DA:25,1
DA:29,4
DA:30,2
DA:39,2
LF:8
LH:8
BRDA:21,0,0,1
BRDA:21,0,1,0
BRDA:29,1,0,2
BRDA:29,1,1,2
BRDA:31,2,0,2
BRDA:31,2,1,2
BRF:6
BRH:5
end_of_record
TN:
SF:src\components\PageLoading.tsx
FN:2,PageLoading
FNF:1
FNH:1
FNDA:3,PageLoading
DA:3,3
LF:1
LH:1
BRDA:2,0,0,3
BRF:1
BRH:1
end_of_record
TN:
SF:src\config\env.ts
FN:1,parseBool
FN:8,parsePositiveMs
FNF:2
FNH:2
FNDA:57,parseBool
FNDA:21,parsePositiveMs
DA:2,57
DA:3,13
DA:4,13
DA:12,21
DA:13,7
DA:14,7
DA:18,15
LF:7
LH:7
BRDA:2,0,0,44
BRDA:2,0,1,13
BRDA:2,1,0,57
BRDA:2,1,1,14
BRDA:4,2,0,13
BRDA:4,2,1,12
BRDA:4,2,2,9
BRDA:4,2,3,8
BRDA:12,3,0,14
BRDA:12,3,1,7
BRDA:12,4,0,21
BRDA:12,4,1,8
BRDA:14,5,0,5
BRDA:14,5,1,2
BRDA:14,6,0,7
BRDA:14,6,1,6
BRDA:28,7,0,15
BRDA:28,7,1,15
BRF:18
BRH:18
end_of_record
TN:
SF:src\config\telemetry.ts
FN:16,diagnosticsEnabled
FN:21,telemetryEnabled
FN:25,formatUnknown
FN:33,captureException
FN:45,(anonymous_4)
FNF:5
FNH:4
FNDA:10,diagnosticsEnabled
FNDA:1,telemetryEnabled
FNDA:7,formatUnknown
FNDA:7,captureException
FNDA:0,(anonymous_4)
DA:17,10
DA:22,1
DA:26,7
DA:27,5
DA:29,2
DA:34,7
DA:35,7
DA:36,7
DA:38,7
DA:39,7
DA:40,5
DA:41,5
DA:44,7
DA:45,7
DA:47,7
DA:48,5
LF:16
LH:16
BRDA:26,0,0,5
BRDA:26,0,1,2
BRDA:27,1,0,5
BRDA:27,1,1,0
BRDA:35,2,0,7
BRDA:35,2,1,1
BRDA:36,3,0,7
BRDA:36,3,1,0
BRDA:39,4,0,5
BRDA:39,4,1,2
BRDA:47,5,0,5
BRDA:47,5,1,2
BRDA:47,6,0,7
BRDA:47,6,1,5
BRF:14
BRH:12
end_of_record
TN:
SF:src\context\ToastContext.tsx
FN:27,ToastProvider
FN:30,(anonymous_1)
FN:32,(anonymous_2)
FN:33,(anonymous_3)
FN:34,(anonymous_4)
FN:34,(anonymous_5)
FN:39,(anonymous_6)
FN:40,(anonymous_7)
FN:45,(anonymous_8)
FN:46,(anonymous_9)
FN:46,(anonymous_10)
FN:50,(anonymous_11)
FN:59,useToast
FNF:13
FNH:13
FNDA:38,ToastProvider
FNDA:14,(anonymous_1)
FNDA:14,(anonymous_2)
FNDA:1,(anonymous_3)
FNDA:1,(anonymous_4)
FNDA:1,(anonymous_5)
FNDA:2,(anonymous_6)
FNDA:2,(anonymous_7)
FNDA:1,(anonymous_8)
FNDA:1,(anonymous_9)
FNDA:1,(anonymous_10)
FNDA:38,(anonymous_11)
FNDA:63,useToast
DA:23,7
DA:25,7
DA:28,38
DA:30,38
DA:31,14
DA:32,14
DA:33,14
DA:34,1
DA:38,38
DA:40,2
DA:45,38
DA:46,1
DA:49,38
DA:50,38
DA:54,38
DA:60,63
DA:61,63
DA:62,2
DA:64,60
LF:19
LH:19
BRDA:61,0,0,2
BRDA:61,0,1,61
BRF:2
BRH:2
end_of_record
TN:
SF:src\lib\checkAmountWords.ts
FN:39,underThousand
FN:60,integerToWords
FN:88,capitalize
FN:99,amountMinorToWords
FNF:4
FNH:4
FNDA:12,underThousand
FNDA:8,integerToWords
FNDA:9,capitalize
FNDA:11,amountMinorToWords
DA:3,2
DA:26,2
DA:40,12
DA:41,0
DA:43,12
DA:44,6
DA:46,6
DA:47,2
DA:48,2
DA:49,2
DA:50,2
DA:52,4
DA:53,4
DA:54,4
DA:55,12
DA:61,8
DA:62,0
DA:64,8
DA:65,8
DA:66,8
DA:67,8
DA:68,8
DA:69,8
DA:70,8
DA:71,1
DA:73,8
DA:74,1
DA:76,8
DA:77,1
DA:79,8
DA:80,2
DA:82,8
DA:83,5
DA:85,8
DA:89,9
DA:90,0
DA:92,9
DA:103,11
DA:104,1
DA:106,10
DA:107,1
DA:109,9
DA:110,9
DA:111,9
DA:112,11
DA:113,11
DA:114,11
DA:115,1
DA:117,8
DA:118,8
LF:50
LH:47
BRDA:40,0,0,0
BRDA:40,0,1,12
BRDA:43,1,0,6
BRDA:43,1,1,6
BRDA:44,2,0,6
BRDA:44,2,1,0
BRDA:46,3,0,2
BRDA:46,3,1,4
BRDA:49,4,0,2
BRDA:49,4,1,0
BRDA:50,5,0,0
BRDA:50,5,1,2
BRDA:50,6,0,2
BRDA:50,6,1,0
BRDA:54,7,0,4
BRDA:54,7,1,0
BRDA:55,8,0,2
BRDA:55,8,1,2
BRDA:61,9,0,0
BRDA:61,9,1,8
BRDA:70,10,0,1
BRDA:70,10,1,7
BRDA:73,11,0,1
BRDA:73,11,1,7
BRDA:76,12,0,1
BRDA:76,12,1,7
BRDA:79,13,0,2
BRDA:79,13,1,6
BRDA:82,14,0,5
BRDA:82,14,1,3
BRDA:89,15,0,0
BRDA:89,15,1,9
BRDA:101,16,0,11
BRDA:103,17,0,1
BRDA:103,17,1,10
BRDA:103,18,0,11
BRDA:103,18,1,11
BRDA:103,18,2,11
BRDA:106,19,0,1
BRDA:106,19,1,9
BRDA:111,20,0,1
BRDA:111,20,1,8
BRDA:112,21,0,1
BRDA:112,21,1,8
BRDA:113,22,0,1
BRDA:113,22,1,8
BRDA:114,23,0,1
BRDA:114,23,1,10
BRF:48
BRH:40
end_of_record
TN:
SF:src\lib\checkStock.ts
FN:43,layoutFromStyle
FN:55,presetForLayout
FN:57,(anonymous_2)
FN:62,presetById
FN:64,(anonymous_4)
FNF:5
FNH:5
FNDA:2,layoutFromStyle
FNDA:1,presetForLayout
FNDA:4,(anonymous_2)
FNDA:2,presetById
FNDA:6,(anonymous_4)
DA:16,2
DA:44,2
DA:50,1
DA:52,1
DA:56,1
DA:57,4
DA:63,2
DA:64,6
LF:8
LH:8
BRDA:44,0,0,1
BRDA:44,0,1,1
BRDA:45,1,0,2
BRDA:45,1,1,2
BRDA:45,1,2,1
BRDA:45,1,3,1
BRDA:57,2,0,1
BRDA:57,2,1,0
BRDA:64,3,0,2
BRDA:64,3,1,1
BRF:10
BRH:9
end_of_record
TN:
SF:src\lib\constants.ts
FNF:0
FNH:0
DA:3,16
DA:4,16
LF:2
LH:2
BRF:0
BRH:0
end_of_record
TN:
SF:src\lib\correlation.ts
FN:5,createRequestId
FN:13,getLastRequestId
FN:17,setLastRequestId
FN:22,resetLastRequestId
FNF:4
FNH:4
FNDA:47,createRequestId
FNDA:6,getLastRequestId
FNDA:46,setLastRequestId
FNDA:6,resetLastRequestId
DA:3,14
DA:6,47
DA:7,46
DA:9,1
DA:14,6
DA:18,46
DA:23,6
LF:7
LH:7
BRDA:6,0,0,46
BRDA:6,0,1,1
BRF:2
BRH:2
end_of_record
TN:
SF:src\lib\csv.ts
FN:3,escapeCsvCell
FN:16,rowsToCsv
FN:17,(anonymous_2)
FN:20,downloadTextFile
FNF:4
FNH:4
FNDA:15,escapeCsvCell
FNDA:2,rowsToCsv
FNDA:5,(anonymous_2)
FNDA:1,downloadTextFile
DA:6,15
DA:7,2
DA:9,13
DA:10,13
DA:11,4
DA:13,9
DA:17,5
DA:25,1
DA:26,1
DA:27,1
DA:28,1
DA:29,1
DA:30,1
DA:31,1
LF:14
LH:14
BRDA:6,0,0,2
BRDA:6,0,1,13
BRDA:6,1,0,15
BRDA:6,1,1,14
BRDA:10,2,0,4
BRDA:10,2,1,9
BRF:6
BRH:6
end_of_record
TN:
SF:src\lib\dates.ts
FN:7,todayISODate
FN:15,isValidISODate
FNF:2
FNH:2
FNDA:32,todayISODate
FNDA:314,isValidISODate
DA:8,32
DA:9,32
DA:10,32
DA:11,32
DA:12,32
DA:16,314
DA:17,103
DA:19,211
DA:20,211
DA:21,211
DA:22,211
DA:23,211
DA:24,0
DA:26,211
DA:27,3
DA:29,208
DA:30,208
LF:17
LH:16
BRDA:16,0,0,103
BRDA:16,0,1,211
BRDA:23,1,0,0
BRDA:23,1,1,211
BRDA:23,2,0,211
BRDA:23,2,1,211
BRDA:23,2,2,211
BRDA:26,3,0,3
BRDA:26,3,1,208
BRDA:26,4,0,211
BRDA:26,4,1,210
BRDA:26,4,2,208
BRDA:26,4,3,208
BRDA:31,5,0,208
BRDA:31,5,1,208
BRDA:31,5,2,203
BRF:16
BRH:15
end_of_record
TN:
SF:src\lib\diagnostics.ts
FN:17,recordBreadcrumb
FN:29,getBreadcrumbs
FN:33,clearBreadcrumbs
FN:37,formatBreadcrumbsForLog
FN:44,(anonymous_4)
FN:51,diagnosticsHeader
FN:64,installGlobalErrorHandlers
FN:70,(anonymous_7)
FN:79,(anonymous_8)
FN:90,resetGlobalErrorHandlersForTests
FNF:10
FNH:8
FNDA:218,recordBreadcrumb
FNDA:9,getBreadcrumbs
FNDA:12,clearBreadcrumbs
FNDA:7,formatBreadcrumbsForLog
FNDA:11,(anonymous_4)
FNDA:6,diagnosticsHeader
FNDA:2,installGlobalErrorHandlers
FNDA:0,(anonymous_7)
FNDA:0,(anonymous_8)
FNDA:9,resetGlobalErrorHandlersForTests
DA:7,16
DA:15,16
DA:18,218
DA:23,218
DA:24,40
DA:30,9
DA:34,12
DA:40,7
DA:41,1
DA:43,6
DA:45,11
DA:46,11
DA:52,6
DA:61,16
DA:65,2
DA:66,2
DA:68,0
DA:70,0
DA:71,0
DA:73,0
DA:76,0
DA:79,0
DA:80,0
DA:81,0
DA:85,0
DA:91,9
DA:92,9
LF:27
LH:18
BRDA:38,0,0,7
BRDA:40,1,0,1
BRDA:40,1,1,6
BRDA:54,2,0,6
BRDA:54,2,1,0
BRDA:55,3,0,1
BRDA:55,3,1,5
BRDA:65,4,0,2
BRDA:65,4,1,0
BRDA:65,5,0,2
BRDA:65,5,1,2
BRDA:71,6,0,0
BRDA:71,6,1,0
BRDA:73,7,0,0
BRDA:73,7,1,0
BRDA:75,8,0,0
BRDA:75,8,1,0
BRDA:83,9,0,0
BRDA:83,9,1,0
BRF:19
BRH:9
end_of_record
TN:
SF:src\lib\ipcCommands.ts
FN:7,registeredRustCommands
FN:26,frontendInvokeCommands
FN:39,e2eMockCommands
FN:51,missingFromE2eMock
FN:54,(anonymous_4)
FN:57,frontendNotInRust
FN:59,(anonymous_6)
FNF:7
FNH:7
FNDA:3,registeredRustCommands
FNDA:2,frontendInvokeCommands
FNDA:2,e2eMockCommands
FNDA:1,missingFromE2eMock
FNDA:48,(anonymous_4)
FNDA:1,frontendNotInRust
FNDA:46,(anonymous_6)
DA:4,1
DA:8,3
DA:9,3
DA:10,3
DA:11,3
DA:12,150
DA:16,150
DA:17,6
DA:19,144
DA:20,150
DA:22,3
DA:27,2
DA:28,2
DA:29,2
DA:30,4
DA:31,4
DA:32,92
DA:35,2
DA:40,2
DA:44,2
DA:45,2
DA:46,100
DA:48,2
DA:52,1
DA:53,1
DA:54,48
DA:58,1
DA:59,46
LF:28
LH:28
BRDA:9,0,0,3
BRDA:9,0,1,0
BRDA:16,1,0,6
BRDA:16,1,1,144
BRDA:19,2,0,135
BRDA:19,2,1,9
BRF:6
BRH:5
end_of_record
TN:
SF:src\lib\logContext.ts
FN:2,logContext
FNF:1
FNH:1
FNDA:4,logContext
DA:3,4
LF:1
LH:1
BRF:0
BRH:0
end_of_record
TN:
SF:src\lib\logLevels.ts
FN:24,defaultEnabledLevels
FN:28,filterLogLines
FN:35,(anonymous_2)
FNF:3
FNH:3
FNDA:1,defaultEnabledLevels
FNDA:13,filterLogLines
FNDA:4,(anonymous_2)
DA:1,3
DA:14,3
DA:25,1
DA:32,13
DA:33,11
DA:35,4
LF:6
LH:6
BRDA:32,0,0,11
BRDA:32,0,1,2
BRF:2
BRH:2
end_of_record
TN:
SF:src\lib\logPanelWindow.ts
FN:10,expandWindowForLogPanel
FN:29,restoreWindowAfterLogPanel
FNF:2
FNH:2
FNDA:3,expandWindowForLogPanel
FNDA:6,restoreWindowAfterLogPanel
DA:5,4
DA:7,4
DA:11,3
DA:12,1
DA:14,2
DA:15,2
DA:16,2
DA:17,1
DA:18,1
DA:20,1
DA:21,1
DA:22,1
DA:30,6
DA:31,5
DA:32,5
DA:34,1
DA:35,1
DA:36,1
DA:37,1
DA:41,1
LF:20
LH:20
BRDA:11,0,0,1
BRDA:11,0,1,2
BRDA:17,1,0,1
BRDA:17,1,1,0
BRDA:30,2,0,5
BRDA:30,2,1,1
BRDA:30,3,0,6
BRDA:30,3,1,2
BRF:8
BRH:7
end_of_record
TN:
SF:src\lib\logParse.ts
FN:8,parseLogTimestamp
FN:37,sortLogLinesByTimestamp
FN:41,(anonymous_2)
FN:46,(anonymous_3)
FN:58,(anonymous_4)
FN:62,lineMatchesCorrelationSearch
FN:90,filterLogLinesBySearch
FN:98,(anonymous_7)
FNF:8
FNH:8
FNDA:14,parseLogTimestamp
FNDA:12,sortLogLinesByTimestamp
FNDA:12,(anonymous_2)
FNDA:6,(anonymous_3)
FNDA:12,(anonymous_4)
FNDA:8,lineMatchesCorrelationSearch
FNDA:12,filterLogLinesBySearch
FNDA:4,(anonymous_7)
DA:2,3
DA:4,3
DA:5,3
DA:9,14
DA:10,14
DA:11,8
DA:12,8
DA:15,6
DA:16,6
DA:17,0
DA:18,0
DA:19,0
DA:20,0
DA:21,0
DA:22,0
DA:23,0
DA:24,0
DA:33,6
DA:40,12
DA:41,12
DA:47,6
DA:48,3
DA:50,3
DA:51,0
DA:53,3
DA:54,2
DA:56,1
DA:58,12
DA:66,8
DA:67,8
DA:68,0
DA:70,8
DA:71,8
DA:73,8
DA:74,5
DA:77,3
DA:78,8
DA:79,0
DA:82,3
DA:83,8
DA:84,0
DA:87,3
DA:94,12
DA:95,12
DA:96,10
DA:98,4
LF:46
LH:34
BRDA:10,0,0,8
BRDA:10,0,1,6
BRDA:12,1,0,0
BRDA:12,1,1,8
BRDA:16,2,0,0
BRDA:16,2,1,6
BRDA:21,3,0,0
BRDA:21,3,1,0
BRDA:23,4,0,0
BRDA:23,4,1,0
BRDA:47,5,0,3
BRDA:47,5,1,3
BRDA:47,6,0,6
BRDA:47,6,1,3
BRDA:50,7,0,0
BRDA:50,7,1,3
BRDA:53,8,0,2
BRDA:53,8,1,1
BRDA:67,9,0,0
BRDA:67,9,1,8
BRDA:73,10,0,5
BRDA:73,10,1,3
BRDA:73,11,0,8
BRDA:73,11,1,7
BRDA:78,12,0,0
BRDA:78,12,1,8
BRDA:83,13,0,0
BRDA:83,13,1,8
BRDA:95,14,0,10
BRDA:95,14,1,2
BRF:30
BRH:20
end_of_record
TN:
SF:src\lib\logRedact.ts
FN:24,keyLooksSensitive
FN:26,(anonymous_1)
FN:30,redactForLog
FN:38,(anonymous_3)
FN:60,summarizeInvokePayload
FNF:5
FNH:4
FNDA:324,keyLooksSensitive
FNDA:3539,(anonymous_1)
FNDA:356,redactForLog
FNDA:0,(anonymous_3)
FNDA:34,summarizeInvokePayload
DA:2,8
DA:25,324
DA:26,3539
DA:34,356
DA:35,0
DA:37,356
DA:38,0
DA:40,356
DA:41,228
DA:42,228
DA:43,1
DA:45,227
DA:46,227
DA:47,227
DA:48,324
DA:49,186
DA:51,138
DA:54,227
DA:56,128
DA:61,34
DA:62,34
DA:64,1
LF:22
LH:20
BRDA:32,0,0,356
BRDA:34,1,0,0
BRDA:34,1,1,356
BRDA:34,2,0,356
BRDA:34,2,1,356
BRDA:37,3,0,0
BRDA:37,3,1,356
BRDA:40,4,0,228
BRDA:40,4,1,128
BRDA:42,5,0,1
BRDA:42,5,1,227
BRDA:48,6,0,186
BRDA:48,6,1,138
BRF:13
BRH:11
end_of_record
TN:
SF:src\lib\logger.ts
FN:7,stringifyArg
FN:22,initLoggingPipeline
FN:36,wireConsoleToHost
FN:37,(anonymous_3)
FN:44,(anonymous_4)
FN:47,(anonymous_5)
FN:61,createScopedLogger
FN:70,(anonymous_7)
FN:74,(anonymous_8)
FN:78,(anonymous_9)
FN:82,(anonymous_10)
FN:86,(anonymous_11)
FNF:12
FNH:11
FNDA:1,stringifyArg
FNDA:2,initLoggingPipeline
FNDA:1,wireConsoleToHost
FNDA:5,(anonymous_3)
FNDA:1,(anonymous_4)
FNDA:0,(anonymous_5)
FNDA:13,createScopedLogger
FNDA:1,(anonymous_7)
FNDA:1,(anonymous_8)
FNDA:5,(anonymous_9)
FNDA:2,(anonymous_10)
FNDA:1,(anonymous_11)
DA:8,1
DA:9,0
DA:11,1
DA:12,1
DA:14,0
DA:15,0
DA:17,0
DA:23,2
DA:24,2
DA:25,2
DA:26,2
DA:28,2
DA:29,1
DA:37,1
DA:41,5
DA:44,5
DA:45,1
DA:46,1
DA:47,1
DA:51,1
DA:52,1
DA:53,1
DA:54,1
DA:55,1
DA:68,13
DA:69,13
DA:71,1
DA:72,1
DA:75,1
DA:76,1
DA:79,5
DA:80,5
DA:83,2
DA:84,2
DA:87,1
DA:88,1
LF:36
LH:32
BRDA:8,0,0,0
BRDA:8,0,1,1
BRDA:9,1,0,0
BRDA:9,1,1,0
BRDA:11,2,0,1
BRDA:11,2,1,0
BRDA:25,3,0,2
BRDA:25,3,1,0
BRDA:28,4,0,1
BRDA:28,4,1,1
BRF:10
BRH:5
end_of_record
TN:
SF:src\lib\money.ts
FN:9,parseMinorInt
FN:25,asSafeMinor
FN:45,sumMinor
FN:63,lineTotalMinor
FN:82,currencyFractionDigits
FN:100,currencyMajorLabel
FN:119,formatMoneyMinor
FNF:7
FNH:7
FNDA:711,parseMinorInt
FNDA:17,asSafeMinor
FNDA:202,sumMinor
FNDA:9,lineTotalMinor
FNDA:21,currencyFractionDigits
FNDA:4,currencyMajorLabel
FNDA:10,formatMoneyMinor
DA:7,6
DA:10,711
DA:11,711
DA:12,103
DA:14,608
DA:15,608
DA:16,1
DA:18,607
DA:19,1
DA:21,606
DA:26,17
DA:27,2
DA:31,1
DA:33,1
DA:35,15
DA:36,17
DA:37,2
DA:39,13
DA:40,2
DA:42,11
DA:46,202
DA:47,202
DA:48,943
DA:50,202
DA:54,1
DA:56,201
DA:64,9
DA:65,2
DA:67,7
DA:68,7
DA:69,7
DA:71,7
DA:72,9
DA:73,3
DA:75,4
DA:76,1
DA:78,3
DA:88,21
DA:89,21
DA:93,21
DA:95,1
DA:106,4
DA:107,4
DA:108,2
DA:110,2
DA:111,2
DA:115,0
DA:126,10
DA:127,10
DA:128,10
DA:129,10
DA:130,10
LF:52
LH:51
BRDA:11,0,0,103
BRDA:11,0,1,608
BRDA:11,1,0,711
BRDA:11,1,1,650
BRDA:15,2,0,1
BRDA:15,2,1,607
BRDA:15,3,0,608
BRDA:15,3,1,608
BRDA:18,4,0,1
BRDA:18,4,1,606
BRDA:18,5,0,607
BRDA:18,5,1,606
BRDA:26,6,0,2
BRDA:26,6,1,15
BRDA:27,7,0,1
BRDA:27,7,1,1
BRDA:28,8,0,2
BRDA:28,8,1,1
BRDA:35,9,0,13
BRDA:35,9,1,2
BRDA:36,10,0,2
BRDA:36,10,1,15
BRDA:36,11,0,17
BRDA:36,11,1,14
BRDA:39,12,0,2
BRDA:39,12,1,11
BRDA:50,13,0,1
BRDA:50,13,1,201
BRDA:51,14,0,202
BRDA:51,14,1,201
BRDA:64,15,0,2
BRDA:64,15,1,7
BRDA:64,16,0,9
BRDA:64,16,1,8
BRDA:71,17,0,5
BRDA:71,17,1,2
BRDA:72,18,0,3
BRDA:72,18,1,6
BRDA:75,19,0,1
BRDA:75,19,1,3
BRDA:84,20,0,21
BRDA:84,21,0,9
BRDA:84,21,1,0
BRDA:93,22,0,20
BRDA:93,22,1,0
BRDA:102,23,0,4
BRDA:102,24,0,0
BRDA:102,24,1,0
BRDA:106,25,0,4
BRDA:106,25,1,1
BRDA:107,26,0,2
BRDA:107,26,1,2
BRDA:112,27,0,2
BRDA:112,27,1,0
BRDA:121,28,0,10
BRDA:122,29,0,10
BRDA:122,30,0,8
BRDA:122,30,1,0
BRDA:129,31,0,1
BRDA:129,31,1,8
BRF:60
BRH:54
end_of_record
TN:
SF:src\lib\reportError.ts
FN:8,formatContext
FN:17,reportError
FNF:2
FNH:2
FNDA:4,formatContext
FNDA:4,reportError
DA:9,4
DA:10,4
DA:22,4
DA:23,4
DA:24,4
DA:25,4
DA:26,4
DA:27,4
DA:28,4
LF:9
LH:9
BRDA:10,0,0,1
BRDA:10,0,1,3
BRDA:23,1,0,3
BRDA:23,1,1,1
BRF:4
BRH:4
end_of_record
TN:
SF:src\lib\semver.ts
FN:2,parseSemver
FN:26,isVersionNewer
FNF:2
FNH:2
FNDA:14,parseSemver
FNDA:6,isVersionNewer
DA:3,14
DA:4,14
DA:5,2
DA:7,14
DA:8,14
DA:9,14
DA:10,0
DA:12,14
DA:13,14
DA:14,40
DA:15,0
DA:17,40
DA:19,14
DA:20,2
DA:22,14
DA:27,6
DA:28,6
DA:29,6
DA:30,0
DA:32,6
DA:33,16
DA:34,4
DA:36,12
DA:37,0
DA:40,2
LF:25
LH:21
BRDA:4,0,0,2
BRDA:4,0,1,12
BRDA:4,1,0,14
BRDA:4,1,1,12
BRDA:7,2,0,14
BRDA:7,2,1,0
BRDA:9,3,0,0
BRDA:9,3,1,14
BRDA:9,4,0,14
BRDA:9,4,1,14
BRDA:14,5,0,0
BRDA:14,5,1,40
BRDA:29,6,0,0
BRDA:29,6,1,6
BRDA:29,7,0,6
BRDA:29,7,1,6
BRDA:33,8,0,4
BRDA:33,8,1,12
BRDA:36,9,0,0
BRDA:36,9,1,12
BRF:20
BRH:15
end_of_record
TN:
SF:src\lib\validateDate.ts
FN:4,requireValidISODate
FNF:1
FNH:1
FNDA:6,requireValidISODate
DA:8,6
DA:9,6
DA:10,1
DA:12,5
LF:4
LH:4
BRDA:9,0,0,1
BRDA:9,0,1,5
BRF:2
BRH:2
end_of_record
TN:
SF:src\services\updateService.ts
FN:26,upToDateMessage
FN:30,isUpdateFeedUnavailable
FN:40,isArm64PlatformMissing
FN:45,errorMessage
FN:53,checkForUpdatesAndApply
FN:81,(anonymous_5)
FN:120,dismissUpdateDialog
FNF:7
FNH:7
FNDA:3,upToDateMessage
FNDA:4,isUpdateFeedUnavailable
FNDA:3,isArm64PlatformMissing
FNDA:4,errorMessage
FNDA:8,checkForUpdatesAndApply
FNDA:2,(anonymous_5)
FNDA:1,dismissUpdateDialog
DA:13,3
DA:16,3
DA:22,3
DA:27,3
DA:31,4
DA:32,4
DA:41,3
DA:42,3
DA:46,4
DA:47,3
DA:49,1
DA:54,8
DA:55,1
DA:56,1
DA:57,1
DA:60,7
DA:61,7
DA:63,7
DA:64,7
DA:66,3
DA:67,2
DA:68,2
DA:69,2
DA:70,2
DA:73,1
DA:76,1
DA:81,1
DA:82,2
DA:83,1
DA:84,1
DA:85,1
DA:89,1
DA:93,1
DA:94,1
DA:96,4
DA:97,4
DA:98,1
DA:99,1
DA:103,1
DA:105,3
DA:106,1
DA:107,1
DA:108,1
DA:112,1
DA:114,2
DA:115,2
DA:116,2
DA:121,1
LF:48
LH:48
BRDA:33,0,0,4
BRDA:33,0,1,3
BRDA:33,0,2,3
BRDA:33,0,3,3
BRDA:42,1,0,3
BRDA:42,1,1,1
BRDA:46,2,0,3
BRDA:46,2,1,1
BRDA:54,3,0,1
BRDA:54,3,1,7
BRDA:66,4,0,2
BRDA:66,4,1,1
BRDA:66,5,0,3
BRDA:66,5,1,2
BRDA:67,6,0,2
BRDA:67,6,1,1
BRDA:82,7,0,1
BRDA:82,7,1,1
BRDA:84,8,0,1
BRDA:84,8,1,0
BRDA:97,9,0,1
BRDA:97,9,1,3
BRDA:105,10,0,1
BRDA:105,10,1,2
BRF:24
BRH:23
end_of_record
