TN:
SF:src\api\db.ts
FN:19,dbInit
FN:23,dbMigrate
FN:27,healthPing
FNF:3
FNH:3
FNDA:1,dbInit
FNDA:1,dbMigrate
FNDA:1,healthPing
DA:20,1
DA:24,1
DA:28,1
LF:3
LH:3
BRF:0
BRH:0
end_of_record
TN:
SF:src\api\invoke.ts
FN:9,truncateErr
FN:16,setIpcContext
FN:25,invoke
FNF:3
FNH:3
FNDA:1,truncateErr
FNDA:41,setIpcContext
FNDA:41,invoke
DA:7,6
DA:10,1
DA:11,0
DA:13,1
DA:17,41
DA:18,41
DA:29,41
DA:30,41
DA:31,41
DA:32,41
DA:34,41
DA:35,39
DA:36,29
DA:40,10
DA:43,41
DA:45,41
DA:48,29
DA:49,29
DA:50,39
DA:52,40
DA:53,1
DA:57,40
DA:59,1
DA:60,1
DA:61,1
DA:62,1
LF:26
LH:25
BRDA:10,0,0,0
BRDA:10,0,1,1
BRDA:34,1,0,39
BRDA:34,1,1,2
BRDA:35,2,0,29
BRDA:35,2,1,10
BRDA:45,3,0,12
BRDA:45,3,1,29
BRDA:49,4,0,39
BRDA:49,4,1,-10
BRDA:52,5,0,1
BRDA:52,5,1,39
BRDA:60,6,0,1
BRDA:60,6,1,0
BRF:14
BRH:11
end_of_record
TN:
SF:src\api\tauri.ts
FN:6,dbBackupVacuum
FN:10,dbRestoreValidate
FN:17,dbRestoreApply
FN:32,importQuickbooksFile
FN:50,globalSearch
FN:57,accountList
FN:61,accountGet
FN:65,accountCreate
FN:69,accountUpdate
FN:73,accountDeactivate
FN:78,companyGet
FN:82,companyUpdate
FN:87,listCustomers
FN:91,listVendors
FN:95,listInvoices
FN:99,listBills
FN:103,listJournals
FN:107,getInvoice
FN:113,getBill
FN:120,customerCreate
FN:124,vendorCreate
FN:128,invoiceCreate
FN:132,billCreate
FN:136,customerPaymentCreate
FN:140,vendorPaymentCreate
FN:145,invoicePost
FN:149,billPost
FN:153,customerPaymentPost
FN:157,vendorPaymentPost
FN:161,invoiceSetStatus
FN:165,billSetStatus
FN:170,reportTrialBalance
FN:174,reportGeneralLedger
FN:186,reportArOpen
FN:190,reportApOpen
FN:194,reportProfitLoss
FN:198,reportBalanceSheet
FNF:37
FNH:35
FNDA:1,dbBackupVacuum
FNDA:1,dbRestoreValidate
FNDA:1,dbRestoreApply
FNDA:0,importQuickbooksFile
FNDA:0,globalSearch
FNDA:1,accountList
FNDA:1,accountGet
FNDA:1,accountCreate
FNDA:1,accountUpdate
FNDA:1,accountDeactivate
FNDA:1,companyGet
FNDA:1,companyUpdate
FNDA:1,listCustomers
FNDA:1,listVendors
FNDA:1,listInvoices
FNDA:1,listBills
FNDA:1,listJournals
FNDA:1,getInvoice
FNDA:1,getBill
FNDA:1,customerCreate
FNDA:1,vendorCreate
FNDA:1,invoiceCreate
FNDA:1,billCreate
FNDA:1,customerPaymentCreate
FNDA:1,vendorPaymentCreate
FNDA:1,invoicePost
FNDA:1,billPost
FNDA:1,customerPaymentPost
FNDA:1,vendorPaymentPost
FNDA:1,invoiceSetStatus
FNDA:1,billSetStatus
FNDA:1,reportTrialBalance
FNDA:1,reportGeneralLedger
FNDA:1,reportArOpen
FNDA:1,reportApOpen
FNDA:1,reportProfitLoss
FNDA:1,reportBalanceSheet
DA:7,1
DA:11,1
DA:18,1
DA:33,0
DA:51,0
DA:58,1
DA:62,1
DA:66,1
DA:70,1
DA:74,1
DA:79,1
DA:83,1
DA:88,1
DA:92,1
DA:96,1
DA:100,1
DA:104,1
DA:108,1
DA:114,1
DA:121,1
DA:125,1
DA:129,1
DA:133,1
DA:137,1
DA:141,1
DA:146,1
DA:150,1
DA:154,1
DA:158,1
DA:162,1
DA:166,1
DA:171,1
DA:179,1
DA:187,1
DA:191,1
DA:195,1
DA:199,1
LF:37
LH:35
BRDA:57,0,0,1
BRF:1
BRH:1
end_of_record
TN:
SF:src\components\ErrorBoundary.tsx
FN:15,(anonymous_0)
FN:19,(anonymous_1)
FN:21,(anonymous_2)
FN:26,(anonymous_3)
FNF:4
FNH:4
FNDA:2,(anonymous_0)
FNDA:1,(anonymous_1)
FNDA:2,(anonymous_2)
FNDA:4,(anonymous_3)
DA:13,2
DA:16,2
DA:21,2
DA:23,1
DA:27,4
DA:28,2
DA:37,2
LF:7
LH:7
BRDA:21,0,0,1
BRDA:21,0,1,0
BRDA:27,1,0,2
BRDA:27,1,1,2
BRDA:29,2,0,2
BRDA:29,2,1,2
BRF:6
BRH:5
end_of_record
TN:
SF:src\components\PageLoading.tsx
FN:2,PageLoading
FNF:1
FNH:1
FNDA:3,PageLoading
DA:3,3
LF:1
LH:1
BRDA:2,0,0,3
BRF:1
BRH:1
end_of_record
TN:
SF:src\config\env.ts
FN:1,parseBool
FN:8,parsePositiveMs
FNF:2
FNH:2
FNDA:42,parseBool
FNDA:16,parsePositiveMs
DA:2,42
DA:3,13
DA:4,13
DA:12,16
DA:13,7
DA:14,7
DA:18,10
LF:7
LH:7
BRDA:2,0,0,29
BRDA:2,0,1,13
BRDA:2,1,0,42
BRDA:2,1,1,14
BRDA:4,2,0,13
BRDA:4,2,1,12
BRDA:4,2,2,9
BRDA:4,2,3,8
BRDA:12,3,0,9
BRDA:12,3,1,7
BRDA:12,4,0,16
BRDA:12,4,1,8
BRDA:14,5,0,5
BRDA:14,5,1,2
BRDA:14,6,0,7
BRDA:14,6,1,6
BRF:16
BRH:16
end_of_record
TN:
SF:src\config\telemetry.ts
FN:9,telemetryEnabled
FN:13,formatUnknown
FN:21,captureException
FN:26,(anonymous_3)
FNF:4
FNH:3
FNDA:4,telemetryEnabled
FNDA:2,formatUnknown
FNDA:2,captureException
FNDA:0,(anonymous_3)
DA:10,4
DA:14,2
DA:15,2
DA:17,0
DA:22,2
DA:24,2
DA:26,2
DA:28,2
DA:29,1
LF:9
LH:8
BRDA:14,0,0,2
BRDA:14,0,1,0
BRDA:15,1,0,2
BRDA:15,1,1,0
BRDA:24,2,0,2
BRDA:24,2,1,0
BRDA:28,3,0,1
BRDA:28,3,1,1
BRDA:28,4,0,2
BRDA:28,4,1,2
BRDA:28,4,2,1
BRF:11
BRH:8
end_of_record
TN:
SF:src\context\ToastContext.tsx
FN:27,ToastProvider
FN:30,(anonymous_1)
FN:32,(anonymous_2)
FN:33,(anonymous_3)
FN:34,(anonymous_4)
FN:34,(anonymous_5)
FN:39,(anonymous_6)
FN:40,(anonymous_7)
FN:45,(anonymous_8)
FN:46,(anonymous_9)
FN:46,(anonymous_10)
FN:50,(anonymous_11)
FN:59,useToast
FNF:13
FNH:7
FNDA:12,ToastProvider
FNDA:5,(anonymous_1)
FNDA:5,(anonymous_2)
FNDA:0,(anonymous_3)
FNDA:0,(anonymous_4)
FNDA:0,(anonymous_5)
FNDA:1,(anonymous_6)
FNDA:1,(anonymous_7)
FNDA:0,(anonymous_8)
FNDA:0,(anonymous_9)
FNDA:0,(anonymous_10)
FNDA:12,(anonymous_11)
FNDA:16,useToast
DA:23,4
DA:25,4
DA:28,12
DA:30,12
DA:31,5
DA:32,5
DA:33,5
DA:34,0
DA:38,12
DA:40,1
DA:45,12
DA:46,0
DA:49,12
DA:50,12
DA:54,12
DA:60,16
DA:61,16
DA:62,0
DA:64,16
LF:19
LH:16
BRDA:61,0,0,0
BRDA:61,0,1,16
BRF:2
BRH:1
end_of_record
TN:
SF:src\lib\constants.ts
FNF:0
FNH:0
DA:3,3
DA:4,3
LF:2
LH:2
BRF:0
BRH:0
end_of_record
TN:
SF:src\lib\correlation.ts
FN:3,createRequestId
FNF:1
FNH:1
FNDA:44,createRequestId
DA:4,44
DA:5,43
DA:7,1
LF:3
LH:3
BRDA:4,0,0,43
BRDA:4,0,1,1
BRF:2
BRH:2
end_of_record
TN:
SF:src\lib\csv.ts
FN:3,escapeCsvCell
FN:16,rowsToCsv
FN:17,(anonymous_2)
FN:20,downloadTextFile
FNF:4
FNH:4
FNDA:15,escapeCsvCell
FNDA:2,rowsToCsv
FNDA:5,(anonymous_2)
FNDA:1,downloadTextFile
DA:6,15
DA:7,2
DA:9,13
DA:10,13
DA:11,4
DA:13,9
DA:17,5
DA:25,1
DA:26,1
DA:27,1
DA:28,1
DA:29,1
DA:30,1
DA:31,1
LF:14
LH:14
BRDA:6,0,0,2
BRDA:6,0,1,13
BRDA:6,1,0,15
BRDA:6,1,1,14
BRDA:10,2,0,4
BRDA:10,2,1,9
BRF:6
BRH:6
end_of_record
TN:
SF:src\lib\dates.ts
FN:7,todayISODate
FN:15,isValidISODate
FNF:2
FNH:2
FNDA:16,todayISODate
FNDA:310,isValidISODate
DA:8,16
DA:9,16
DA:10,16
DA:11,16
DA:12,16
DA:16,310
DA:17,103
DA:19,207
DA:20,207
DA:21,207
DA:22,207
DA:23,207
DA:24,0
DA:26,207
DA:27,3
DA:29,204
DA:30,204
LF:17
LH:16
BRDA:16,0,0,103
BRDA:16,0,1,207
BRDA:23,1,0,0
BRDA:23,1,1,207
BRDA:23,2,0,207
BRDA:23,2,1,207
BRDA:23,2,2,207
BRDA:26,3,0,3
BRDA:26,3,1,204
BRDA:26,4,0,207
BRDA:26,4,1,206
BRDA:26,4,2,204
BRDA:26,4,3,204
BRDA:31,5,0,204
BRDA:31,5,1,204
BRDA:31,5,2,195
BRF:16
BRH:15
end_of_record
TN:
SF:src\lib\logRedact.ts
FN:24,keyLooksSensitive
FN:26,(anonymous_1)
FN:30,redactForLog
FN:38,(anonymous_3)
FN:60,summarizeInvokePayload
FNF:5
FNH:4
FNDA:320,keyLooksSensitive
FNDA:3463,(anonymous_1)
FNDA:349,redactForLog
FNDA:0,(anonymous_3)
FNDA:31,summarizeInvokePayload
DA:2,8
DA:25,320
DA:26,3463
DA:34,349
DA:35,0
DA:37,349
DA:38,0
DA:40,349
DA:41,225
DA:42,225
DA:43,1
DA:45,224
DA:46,224
DA:47,224
DA:48,320
DA:49,186
DA:51,134
DA:54,224
DA:56,124
DA:61,31
DA:62,31
DA:64,1
LF:22
LH:20
BRDA:32,0,0,349
BRDA:34,1,0,0
BRDA:34,1,1,349
BRDA:34,2,0,349
BRDA:34,2,1,349
BRDA:37,3,0,0
BRDA:37,3,1,349
BRDA:40,4,0,225
BRDA:40,4,1,124
BRDA:42,5,0,1
BRDA:42,5,1,224
BRDA:48,6,0,186
BRDA:48,6,1,134
BRF:13
BRH:11
end_of_record
TN:
SF:src\lib\logger.ts
FN:7,stringifyArg
FN:22,initLoggingPipeline
FN:36,wireConsoleToHost
FN:37,(anonymous_3)
FN:44,(anonymous_4)
FN:47,(anonymous_5)
FN:61,createScopedLogger
FN:70,(anonymous_7)
FN:74,(anonymous_8)
FN:78,(anonymous_9)
FN:82,(anonymous_10)
FN:86,(anonymous_11)
FNF:12
FNH:11
FNDA:1,stringifyArg
FNDA:2,initLoggingPipeline
FNDA:1,wireConsoleToHost
FNDA:5,(anonymous_3)
FNDA:1,(anonymous_4)
FNDA:0,(anonymous_5)
FNDA:8,createScopedLogger
FNDA:1,(anonymous_7)
FNDA:1,(anonymous_8)
FNDA:1,(anonymous_9)
FNDA:1,(anonymous_10)
FNDA:1,(anonymous_11)
DA:8,1
DA:9,0
DA:11,1
DA:12,1
DA:14,0
DA:15,0
DA:17,0
DA:23,2
DA:24,2
DA:25,2
DA:26,2
DA:28,2
DA:29,1
DA:37,1
DA:41,5
DA:44,5
DA:45,1
DA:46,1
DA:47,1
DA:51,1
DA:52,1
DA:53,1
DA:54,1
DA:55,1
DA:68,8
DA:69,8
DA:71,1
DA:72,1
DA:75,1
DA:76,1
DA:79,1
DA:80,1
DA:83,1
DA:84,1
DA:87,1
DA:88,1
LF:36
LH:32
BRDA:8,0,0,0
BRDA:8,0,1,1
BRDA:9,1,0,0
BRDA:9,1,1,0
BRDA:11,2,0,1
BRDA:11,2,1,0
BRDA:25,3,0,2
BRDA:25,3,1,0
BRDA:28,4,0,1
BRDA:28,4,1,1
BRF:10
BRH:5
end_of_record
TN:
SF:src\lib\money.ts
FN:6,parseMinorInt
FN:21,sumMinor
FN:35,formatMoneyMinor
FNF:3
FNH:3
FNDA:707,parseMinorInt
FNDA:202,sumMinor
FNDA:8,formatMoneyMinor
DA:7,707
DA:8,707
DA:9,103
DA:11,604
DA:12,604
DA:13,1
DA:15,603
DA:16,1
DA:18,602
DA:22,202
DA:23,202
DA:24,937
DA:26,202
DA:30,1
DA:32,201
DA:42,8
DA:43,8
LF:17
LH:17
BRDA:8,0,0,103
BRDA:8,0,1,604
BRDA:8,1,0,707
BRDA:8,1,1,649
BRDA:12,2,0,1
BRDA:12,2,1,603
BRDA:12,3,0,604
BRDA:12,3,1,604
BRDA:15,4,0,1
BRDA:15,4,1,602
BRDA:15,5,0,603
BRDA:15,5,1,602
BRDA:26,6,0,1
BRDA:26,6,1,201
BRDA:27,7,0,202
BRDA:27,7,1,201
BRDA:37,8,0,8
BRDA:38,9,0,8
BRDA:38,10,0,7
BRDA:38,10,1,0
BRF:20
BRH:19
end_of_record
TN:
SF:src\lib\reportError.ts
FN:9,reportError
FNF:1
FNH:1
FNDA:2,reportError
DA:14,2
DA:15,2
DA:16,2
DA:17,2
DA:18,2
DA:19,2
LF:6
LH:6
BRDA:15,0,0,1
BRDA:15,0,1,1
BRF:2
BRH:2
end_of_record
TN:
SF:src\lib\semver.ts
FN:2,parseSemver
FN:26,isVersionNewer
FNF:2
FNH:2
FNDA:14,parseSemver
FNDA:6,isVersionNewer
DA:3,14
DA:4,14
DA:5,2
DA:7,14
DA:8,14
DA:9,14
DA:10,0
DA:12,14
DA:13,14
DA:14,40
DA:15,0
DA:17,40
DA:19,14
DA:20,2
DA:22,14
DA:27,6
DA:28,6
DA:29,6
DA:30,0
DA:32,6
DA:33,16
DA:34,4
DA:36,12
DA:37,0
DA:40,2
LF:25
LH:21
BRDA:4,0,0,2
BRDA:4,0,1,12
BRDA:4,1,0,14
BRDA:4,1,1,12
BRDA:7,2,0,14
BRDA:7,2,1,0
BRDA:9,3,0,0
BRDA:9,3,1,14
BRDA:9,4,0,14
BRDA:9,4,1,14
BRDA:14,5,0,0
BRDA:14,5,1,40
BRDA:29,6,0,0
BRDA:29,6,1,6
BRDA:29,7,0,6
BRDA:29,7,1,6
BRDA:33,8,0,4
BRDA:33,8,1,12
BRDA:36,9,0,0
BRDA:36,9,1,12
BRF:20
BRH:15
end_of_record
TN:
SF:src\lib\validateDate.ts
FN:4,requireValidISODate
FNF:1
FNH:1
FNDA:2,requireValidISODate
DA:8,2
DA:9,2
DA:10,1
DA:12,1
LF:4
LH:4
BRDA:9,0,0,1
BRDA:9,0,1,1
BRF:2
BRH:2
end_of_record
TN:
SF:src\services\updateService.ts
FN:20,upToDateMessage
FN:24,isUpdateFeedUnavailable
FN:34,errorMessage
FN:42,checkForUpdatesAndApply
FN:70,(anonymous_4)
FN:99,dismissUpdateDialog
FNF:6
FNH:4
FNDA:3,upToDateMessage
FNDA:2,isUpdateFeedUnavailable
FNDA:2,errorMessage
FNDA:6,checkForUpdatesAndApply
FNDA:0,(anonymous_4)
FNDA:0,dismissUpdateDialog
DA:12,3
DA:15,3
DA:21,3
DA:25,2
DA:26,2
DA:35,2
DA:36,2
DA:38,0
DA:43,6
DA:44,1
DA:45,1
DA:46,1
DA:49,5
DA:50,5
DA:52,5
DA:53,5
DA:55,3
DA:56,2
DA:57,2
DA:58,2
DA:59,2
DA:62,1
DA:65,1
DA:70,1
DA:71,0
DA:72,0
DA:73,0
DA:74,0
DA:78,1
DA:82,1
DA:83,1
DA:85,2
DA:86,2
DA:87,1
DA:88,1
DA:92,1
DA:94,1
DA:95,1
DA:100,0
LF:39
LH:33
BRDA:27,0,0,2
BRDA:27,0,1,1
BRDA:27,0,2,1
BRDA:27,0,3,1
BRDA:35,1,0,2
BRDA:35,1,1,0
BRDA:43,2,0,1
BRDA:43,2,1,5
BRDA:55,3,0,2
BRDA:55,3,1,1
BRDA:55,4,0,3
BRDA:55,4,1,2
BRDA:56,5,0,2
BRDA:56,5,1,1
BRDA:71,6,0,0
BRDA:71,6,1,0
BRDA:73,7,0,0
BRDA:73,7,1,0
BRDA:86,8,0,1
BRDA:86,8,1,1
BRF:20
BRH:15
end_of_record
